#
# There is insufficient memory for the Java Runtime Environment to continue.
# Native memory allocation (malloc) failed to allocate 1048576 bytes for AllocateHeap
# Possible reasons:
#   The system is out of physical RAM or swap space
#   The process is running with CompressedOops enabled, and the Java Heap may be blocking the growth of the native heap
# Possible solutions:
#   Reduce memory load on the system
#   Increase physical memory or swap space
#   Check if swap backing store is full
#   Decrease Java heap size (-Xmx/-Xms)
#   Decrease number of Java threads
#   Decrease Java thread stack sizes (-Xss)
#   Set larger code cache with -XX:ReservedCodeCacheSize=
#   JVM is running with Unscaled Compressed Oops mode in which the Java heap is
#     placed in the first 4GB address space. The Java Heap base address is the
#     maximum limit for the native heap growth. Please use -XX:HeapBaseMinAddress
#     to set the Java Heap base and to place the Java Heap above 4GB virtual address.
# This output file may be truncated or incomplete.
#
#  Out of Memory Error (memory/allocation.inline.hpp:61), pid=6428, tid=0x0000000000003ffc
#
# JRE version:  (8.0_202-b03) (build )
# Java VM: OpenJDK 64-Bit Server VM (25.202-b03 mixed mode windows-amd64 compressed oops)
# Failed to write core dump. Minidumps are not enabled by default on client versions of Windows
#

---------------  T H R E A D  ---------------

Current thread (0x000000000287e800):  JavaThread "Unknown thread" [_thread_in_vm, id=16380, stack(0x0000000002770000,0x0000000002870000)]

Stack: [0x0000000002770000,0x0000000002870000]
[error occurred during error reporting (printing stack bounds), id 0xc0000005]

Native frames: (J=compiled Java code, j=interpreted, Vv=VM code, C=native code)


---------------  P R O C E S S  ---------------

Java Threads: ( => current thread )

Other Threads:

=>0x000000000287e800 (exited) JavaThread "Unknown thread" [_thread_in_vm, id=16380, stack(0x0000000002770000,0x0000000002870000)]

VM state:not at safepoint (normal execution)

VM Mutex/Monitor currently owned by a thread: None

heap address: 0x0000000082c00000, size: 2004 MB, Compressed Oops mode: 32-bit
Narrow klass base: 0x0000000000000000, Narrow klass shift: 3
Compressed class space size: 1073741824 Address: 0x0000000100000000

Heap:
 PSYoungGen      total 37888K, used 655K [0x00000000d6400000, 0x00000000d8e00000, 0x0000000100000000)
  eden space 32768K, 2% used [0x00000000d6400000,0x00000000d64a3d80,0x00000000d8400000)
  from space 5120K, 0% used [0x00000000d8900000,0x00000000d8900000,0x00000000d8e00000)
  to   space 5120K, 0% used [0x00000000d8400000,0x00000000d8400000,0x00000000d8900000)
 ParOldGen       total 86016K, used 0K [0x0000000082c00000, 0x0000000088000000, 0x00000000d6400000)
  object space 86016K, 0% used [0x0000000082c00000,0x0000000082c00000,0x0000000088000000)
 Metaspace       used 778K, capacity 4480K, committed 4480K, reserved 1056768K
  class space    used 74K, capacity 384K, committed 384K, reserved 1048576K

Card table byte_map: [0x0000000011da0000,0x0000000012190000] byte_map_base: 0x000000001198a000

Marking Bits: (ParMarkBitMap*) 0x000000005d249f30
 Begin Bits: [0x0000000012830000, 0x0000000014780000)
 End Bits:   [0x0000000014780000, 0x00000000166d0000)

Polling page: 0x00000000007f0000

CodeCache: size=245760Kb used=328Kb max_used=328Kb free=245431Kb
 bounds [0x00000000029e0000, 0x0000000002c50000, 0x00000000119e0000]
 total_blobs=57 nmethods=0 adapters=38
 compilation: enabled

Compilation events (0 events):
No events

GC Heap History (0 events):
No events

Deoptimization events (0 events):
No events

Classes redefined (0 events):
No events

Internal exceptions (0 events):
No events

Events (10 events):
Event: 0.063 loading class java/lang/Short
Event: 0.064 loading class java/lang/Short done
Event: 0.064 loading class java/lang/Integer
Event: 0.064 loading class java/lang/Integer done
Event: 0.064 loading class java/lang/Long
Event: 0.064 loading class java/lang/Long done
Event: 0.066 loading class java/lang/NullPointerException
Event: 0.066 loading class java/lang/NullPointerException done
Event: 0.066 loading class java/lang/ArithmeticException
Event: 0.066 loading class java/lang/ArithmeticException done


Dynamic libraries:
0x00007ff6df760000 - 0x00007ff6df791000 	C:\Program Files\Android\Android Studio\jre\bin\java.EXE
0x00007ff89aa40000 - 0x00007ff89ac30000 	C:\WINDOWS\SYSTEM32\ntdll.dll
0x00007ff899dd0000 - 0x00007ff899e82000 	C:\WINDOWS\System32\KERNEL32.DLL
0x00007ff897e70000 - 0x00007ff898114000 	C:\WINDOWS\System32\KERNELBASE.dll
0x00007ff8997d0000 - 0x00007ff899873000 	C:\WINDOWS\System32\ADVAPI32.dll
0x00007ff899320000 - 0x00007ff8993be000 	C:\WINDOWS\System32\msvcrt.dll
0x00007ff8993f0000 - 0x00007ff899487000 	C:\WINDOWS\System32\sechost.dll
0x00007ff899fd0000 - 0x00007ff89a0f0000 	C:\WINDOWS\System32\RPCRT4.dll
0x00007ff89a0f0000 - 0x00007ff89a285000 	C:\WINDOWS\System32\USER32.dll
0x00007ff898ac0000 - 0x00007ff898ae1000 	C:\WINDOWS\System32\win32u.dll
0x00007ff8993c0000 - 0x00007ff8993e6000 	C:\WINDOWS\System32\GDI32.dll
0x00007ff898140000 - 0x00007ff8982d6000 	C:\WINDOWS\System32\gdi32full.dll
0x00007ff897da0000 - 0x00007ff897e3e000 	C:\WINDOWS\System32\msvcp_win.dll
0x00007ff897bf0000 - 0x00007ff897cea000 	C:\WINDOWS\System32\ucrtbase.dll
0x00007ff887560000 - 0x00007ff8877e4000 	C:\WINDOWS\WinSxS\amd64_microsoft.windows.common-controls_6595b64144ccf1df_6.0.18362.1016_none_9e7a36bbe461dae4\COMCTL32.dll
0x00007ff898af0000 - 0x00007ff898e25000 	C:\WINDOWS\System32\combase.dll
0x00007ff897b70000 - 0x00007ff897bf0000 	C:\WINDOWS\System32\bcryptPrimitives.dll
0x00007ff899540000 - 0x00007ff89956e000 	C:\WINDOWS\System32\IMM32.DLL
0x000000005d2d0000 - 0x000000005d3a2000 	C:\Program Files\Android\Android Studio\jre\jre\bin\msvcr100.dll
0x000000005ca80000 - 0x000000005d2c6000 	C:\Program Files\Android\Android Studio\jre\jre\bin\server\jvm.dll
0x00007ff899600000 - 0x00007ff899608000 	C:\WINDOWS\System32\PSAPI.DLL
0x00007ff8950d0000 - 0x00007ff8950f4000 	C:\WINDOWS\SYSTEM32\WINMM.dll
0x00007ff886850000 - 0x00007ff886859000 	C:\WINDOWS\SYSTEM32\WSOCK32.dll
0x00007ff890650000 - 0x00007ff89065a000 	C:\WINDOWS\SYSTEM32\VERSION.dll
0x00007ff8950a0000 - 0x00007ff8950cd000 	C:\WINDOWS\SYSTEM32\WINMMBASE.dll
0x00007ff8982e0000 - 0x00007ff89832a000 	C:\WINDOWS\System32\cfgmgr32.dll
0x00007ff899590000 - 0x00007ff8995ff000 	C:\WINDOWS\System32\ws2_32.DLL
0x00007ff894520000 - 0x00007ff89452f000 	C:\Program Files\Android\Android Studio\jre\jre\bin\verify.dll
0x00007ff8944a0000 - 0x00007ff8944c9000 	C:\Program Files\Android\Android Studio\jre\jre\bin\java.dll
0x00007ff892700000 - 0x00007ff892716000 	C:\Program Files\Android\Android Studio\jre\jre\bin\zip.dll

VM Arguments:
java_command: <unknown>
java_class_path (initial): .
Launcher Type: SUN_STANDARD

Environment Variables:
PATH=C:\Program Files (x86)\Common Files\Oracle\Java\javapath;C:\WINDOWS\system32;C:\WINDOWS;C:\WINDOWS\System32\Wbem;C:\WINDOWS\System32\WindowsPowerShell\v1.0\;C:\WINDOWS\System32\OpenSSH\;C:\Program Files\nodejs\;C:\Program Files\Git\cmd;C:\Users\hmney\AppData\Local\Microsoft\WindowsApps;C:\Users\hmney\AppData\Local\Programs\Microsoft VS Code\bin;C:\flutter\bin;C:\Java\bin;C:\Users\hmney\AppData\Roaming\npm;C:\flutter\bin\mingit\cmd
USERNAME=hmney
OS=Windows_NT
PROCESSOR_IDENTIFIER=Intel64 Family 6 Model 78 Stepping 3, GenuineIntel



---------------  S Y S T E M  ---------------

OS: Windows 10.0 , 64 bit Build 18362 (10.0.18362.959)

CPU:total 4 (initial active 4) (2 cores per cpu, 2 threads per core) family 6 model 78 stepping 3, cmov, cx8, fxsr, mmx, sse, sse2, sse3, ssse3, sse4.1, sse4.2, popcnt, avx, avx2, aes, clmul, erms, rtm, 3dnowpref, lzcnt, ht, tsc, tscinvbit, bmi1, bmi2, adx

Memory: 4k page, physical 8205464k(357956k free), swap 18020740k(5876k free)

vm_info: OpenJDK 64-Bit Server VM (25.202-b03) for windows-amd64 JRE (1.8.0_202-release-1483-b03), built by "builder" with MS VC++ 10.0 (VS2010)

time: Fri Aug 28 17:12:04 2020
timezone: Maroc (heure d’été)
elapsed time: 0 seconds (0d 0h 0m 0s)

