#
# There is insufficient memory for the Java Runtime Environment to continue.
# Native memory allocation (malloc) failed to allocate 1887536 bytes for Chunk::new
# Possible reasons:
#   The system is out of physical RAM or swap space
#   The process is running with CompressedOops enabled, and the Java Heap may be blocking the growth of the native heap
# Possible solutions:
#   Reduce memory load on the system
#   Increase physical memory or swap space
#   Check if swap backing store is full
#   Decrease Java heap size (-Xmx/-Xms)
#   Decrease number of Java threads
#   Decrease Java thread stack sizes (-Xss)
#   Set larger code cache with -XX:ReservedCodeCacheSize=
#   JVM is running with Unscaled Compressed Oops mode in which the Java heap is
#     placed in the first 4GB address space. The Java Heap base address is the
#     maximum limit for the native heap growth. Please use -XX:HeapBaseMinAddress
#     to set the Java Heap base and to place the Java Heap above 4GB virtual address.
# This output file may be truncated or incomplete.
#
#  Out of Memory Error (allocation.cpp:389), pid=17104, tid=0x000000000000331c
#
# JRE version: OpenJDK Runtime Environment (8.0_202-b03) (build 1.8.0_202-release-1483-b03)
# Java VM: OpenJDK 64-Bit Server VM (25.202-b03 mixed mode windows-amd64 compressed oops)
# Failed to write core dump. Minidumps are not enabled by default on client versions of Windows
#

---------------  T H R E A D  ---------------

Current thread (0x00000000168c0800):  JavaThread "C2 CompilerThread0" daemon [_thread_in_native, id=13084, stack(0x0000000017f60000,0x0000000018060000)]

Stack: [0x0000000017f60000,0x0000000018060000]
[error occurred during error reporting (printing stack bounds), id 0xc0000005]

Native frames: (J=compiled Java code, j=interpreted, Vv=VM code, C=native code)


Current CompileTask:
C2:8128944 26177       4       java.lang.Class::getMethod (64 bytes)


---------------  P R O C E S S  ---------------

Java Threads: ( => current thread )
  0x0000000024726000 JavaThread "Cache worker for file hash cache (G:\My works\blindmeal\blind-meal-flutter-app\android\.gradle\5.6.2\fileHashes)" [_thread_blocked, id=9228, stack(0x000000001ea50000,0x000000001eb50000)]
  0x0000000024720000 JavaThread "Thread-103" [_thread_blocked, id=11540, stack(0x000000001c1b0000,0x000000001c2b0000)]
  0x0000000024721800 JavaThread "Stdin handler" [_thread_blocked, id=1736, stack(0x000000001aee0000,0x000000001afe0000)]
  0x0000000024723800 JavaThread "Asynchronous log dispatcher for DefaultDaemonConnection: socket connection from /127.0.0.1:62586 to /127.0.0.1:62628" [_thread_blocked, id=15184, stack(0x000000001ade0000,0x000000001aee0000)]
  0x0000000024724800 JavaThread "Daemon worker Thread 4" [_thread_in_Java, id=5824, stack(0x000000001aae0000,0x000000001abe0000)]
  0x000000002471e800 JavaThread "Cancel handler" [_thread_blocked, id=7076, stack(0x000000001a9e0000,0x000000001aae0000)]
  0x0000000024725000 JavaThread "Handler for socket connection from /127.0.0.1:62586 to /127.0.0.1:62628" [_thread_in_native, id=5272, stack(0x0000000002d50000,0x0000000002e50000)]
  0x000000002471f000 JavaThread "Daemon Thread 4" [_thread_blocked, id=684, stack(0x0000000001280000,0x0000000001380000)]
  0x000000002472c800 JavaThread "RMI TCP Accept-0" daemon [_thread_in_native, id=17612, stack(0x0000000028b80000,0x0000000028c80000)]
  0x0000000024729000 JavaThread "RMI Scheduler(0)" daemon [_thread_blocked, id=9668, stack(0x0000000026ea0000,0x0000000026fa0000)]
  0x0000000024727800 JavaThread "Cache worker for Java compile cache (C:\Users\hmney\.gradle\caches\5.6.2\javaCompile)" [_thread_blocked, id=7976, stack(0x0000000028080000,0x0000000028180000)]
  0x000000001c93a800 JavaThread "Cache worker for file content cache (C:\Users\hmney\.gradle\caches\5.6.2\fileContent)" [_thread_blocked, id=17156, stack(0x0000000024de0000,0x0000000024ee0000)]
  0x000000001c931000 JavaThread "Memory manager" [_thread_blocked, id=16260, stack(0x0000000022c00000,0x0000000022d00000)]
  0x000000001c936000 JavaThread "Cache worker for execution history cache (C:\Users\hmney\.gradle\caches\5.6.2\executionHistory)" [_thread_blocked, id=16476, stack(0x00000000218b0000,0x00000000219b0000)]
  0x0000000018165800 JavaThread "Cache worker for journal cache (C:\Users\hmney\.gradle\caches\journal-1)" [_thread_blocked, id=6684, stack(0x000000001c4b0000,0x000000001c5b0000)]
  0x0000000018164000 JavaThread "File lock request listener" [_thread_in_native, id=17148, stack(0x000000001c3b0000,0x000000001c4b0000)]
  0x0000000018161000 JavaThread "Cache worker for file hash cache (C:\Users\hmney\.gradle\caches\5.6.2\fileHashes)" [_thread_blocked, id=16156, stack(0x000000001c2b0000,0x000000001c3b0000)]
  0x0000000019fdb800 JavaThread "Daemon periodic checks" [_thread_blocked, id=16932, stack(0x000000001a8e0000,0x000000001a9e0000)]
  0x0000000019f87800 JavaThread "Incoming local TCP Connector on port 62586" [_thread_in_native, id=15992, stack(0x000000001a670000,0x000000001a770000)]
  0x0000000019f5b800 JavaThread "Daemon health stats" [_thread_blocked, id=16016, stack(0x000000001a030000,0x000000001a130000)]
  0x0000000018191800 JavaThread "Service Thread" daemon [_thread_blocked, id=13100, stack(0x0000000018660000,0x0000000018760000)]
  0x0000000018165000 JavaThread "C1 CompilerThread2" daemon [_thread_in_vm, id=13092, stack(0x0000000018560000,0x0000000018660000)]
  0x00000000168c7000 JavaThread "C2 CompilerThread1" daemon [_thread_in_native, id=13076, stack(0x0000000018060000,0x0000000018160000)]
=>0x00000000168c0800 JavaThread "C2 CompilerThread0" daemon [_thread_in_native, id=13084, stack(0x0000000017f60000,0x0000000018060000)]
  0x00000000168bb800 JavaThread "Attach Listener" daemon [_thread_blocked, id=13064, stack(0x0000000017e60000,0x0000000017f60000)]
  0x00000000168ba800 JavaThread "Signal Dispatcher" daemon [_thread_blocked, id=10744, stack(0x0000000017d60000,0x0000000017e60000)]
  0x0000000002f4c800 JavaThread "Finalizer" daemon [_thread_blocked, id=13080, stack(0x0000000017b30000,0x0000000017c30000)]
  0x00000000168a9000 JavaThread "Reference Handler" daemon [_thread_blocked, id=9488, stack(0x0000000017a30000,0x0000000017b30000)]
  0x0000000002d2e800 JavaThread "main" [_thread_blocked, id=1416, stack(0x0000000002bf0000,0x0000000002cf0000)]

Other Threads:
  0x0000000016887000 VMThread [stack: 0x0000000017930000,0x0000000017a30000] [id=17028]
  0x0000000018194800 WatcherThread [stack: 0x0000000018760000,0x0000000018860000] [id=13008]

VM state:not at safepoint (normal execution)

VM Mutex/Monitor currently owned by a thread:  ([mutex/lock_event])
[0x0000000002e510d0] CompiledIC_lock - owner thread: 0x0000000000000000

heap address: 0x00000000a0000000, size: 1536 MB, Compressed Oops mode: 32-bit
Narrow klass base: 0x0000000000000000, Narrow klass shift: 3
Compressed class space size: 1073741824 Address: 0x0000000100000000

Heap:
 PSYoungGen      total 369664K, used 57932K [0x00000000e0000000, 0x0000000100000000, 0x0000000100000000)
  eden space 226816K, 25% used [0x00000000e0000000,0x00000000e3893128,0x00000000edd80000)
  from space 142848K, 0% used [0x00000000f6780000,0x00000000f6780000,0x00000000ff300000)
  to   space 141312K, 0% used [0x00000000edd80000,0x00000000edd80000,0x00000000f6780000)
 ParOldGen       total 407552K, used 68035K [0x00000000a0000000, 0x00000000b8e00000, 0x00000000e0000000)
  object space 407552K, 16% used [0x00000000a0000000,0x00000000a4270f28,0x00000000b8e00000)
 Metaspace       used 109378K, capacity 115448K, committed 118360K, reserved 1150976K
  class space    used 14198K, capacity 15489K, committed 16256K, reserved 1048576K

Card table byte_map: [0x0000000012310000,0x0000000012620000] byte_map_base: 0x0000000011e10000

Marking Bits: (ParMarkBitMap*) 0x000000005d249f30
 Begin Bits: [0x0000000012c20000, 0x0000000014420000)
 End Bits:   [0x0000000014420000, 0x0000000015c20000)

Polling page: 0x0000000001380000

CodeCache: size=245760Kb used=68495Kb max_used=69188Kb free=177264Kb
 bounds [0x0000000002f50000, 0x0000000007390000, 0x0000000011f50000]
 total_blobs=20904 nmethods=19951 adapters=864
 compilation: enabled

Compilation events (10 events):
Event: 8128.827 Thread 0x0000000018165000 nmethod 26182 0x0000000005fbc750 code [0x0000000005fbca80, 0x0000000005fbe978]
Event: 8128.832 Thread 0x00000000168c7000 26183       4       org.codehaus.groovy.runtime.metaclass.MetaMethodIndex::isMatchingMethod (65 bytes)
Event: 8128.848 Thread 0x0000000018165000 26184       3       java.beans.MethodRef::find (62 bytes)
Event: 8128.851 Thread 0x0000000018165000 nmethod 26184 0x00000000065cb810 code [0x00000000065cba20, 0x00000000065cc6c8]
Event: 8128.875 Thread 0x0000000018165000 26185       3       sun.reflect.generics.parser.SignatureParser::parseFormalTypeParameters (119 bytes)
Event: 8128.877 Thread 0x0000000018165000 nmethod 26185 0x0000000006765e90 code [0x00000000067661c0, 0x0000000006767858]
Event: 8128.903 Thread 0x0000000018165000 26186       3       java.util.regex.Pattern$Dollar::study (14 bytes)
Event: 8128.903 Thread 0x0000000018165000 nmethod 26186 0x00000000034c9bd0 code [0x00000000034c9d40, 0x00000000034c9f88]
Event: 8128.927 Thread 0x0000000018165000 26188       3       sun.reflect.generics.reflectiveObjects.TypeVariableImpl::make (66 bytes)
Event: 8128.928 Thread 0x0000000018165000 nmethod 26188 0x000000000717a090 code [0x000000000717a2c0, 0x000000000717b148]

GC Heap History (10 events):
Event: 1928.665 GC heap before
{Heap before GC invocations=44 (full 6):
 PSYoungGen      total 230400K, used 229984K [0x00000000e0000000, 0x00000000ffd80000, 0x0000000100000000)
  eden space 229888K, 100% used [0x00000000e0000000,0x00000000ee080000,0x00000000ee080000)
  from space 512K, 18% used [0x00000000ee080000,0x00000000ee098000,0x00000000ee100000)
  to   space 145920K, 0% used [0x00000000f6f00000,0x00000000f6f00000,0x00000000ffd80000)
 ParOldGen       total 421376K, used 256388K [0x00000000a0000000, 0x00000000b9b80000, 0x00000000e0000000)
  object space 421376K, 60% used [0x00000000a0000000,0x00000000afa610b0,0x00000000b9b80000)
 Metaspace       used 110512K, capacity 117796K, committed 118360K, reserved 1150976K
  class space    used 14513K, capacity 16071K, committed 16256K, reserved 1048576K
Event: 1928.786 GC heap after
Heap after GC invocations=44 (full 6):
 PSYoungGen      total 364032K, used 92052K [0x00000000e0000000, 0x0000000100000000, 0x0000000100000000)
  eden space 218112K, 0% used [0x00000000e0000000,0x00000000e0000000,0x00000000ed500000)
  from space 145920K, 63% used [0x00000000f6f00000,0x00000000fc8e5088,0x00000000ffd80000)
  to   space 153088K, 0% used [0x00000000ed500000,0x00000000ed500000,0x00000000f6a80000)
 ParOldGen       total 421376K, used 256404K [0x00000000a0000000, 0x00000000b9b80000, 0x00000000e0000000)
  object space 421376K, 60% used [0x00000000a0000000,0x00000000afa650b0,0x00000000b9b80000)
 Metaspace       used 110512K, capacity 117796K, committed 118360K, reserved 1150976K
  class space    used 14513K, capacity 16071K, committed 16256K, reserved 1048576K
}
Event: 1930.039 GC heap before
{Heap before GC invocations=45 (full 6):
 PSYoungGen      total 364032K, used 306698K [0x00000000e0000000, 0x0000000100000000, 0x0000000100000000)
  eden space 218112K, 98% used [0x00000000e0000000,0x00000000ed19d8e0,0x00000000ed500000)
  from space 145920K, 63% used [0x00000000f6f00000,0x00000000fc8e5088,0x00000000ffd80000)
  to   space 153088K, 0% used [0x00000000ed500000,0x00000000ed500000,0x00000000f6a80000)
 ParOldGen       total 421376K, used 256404K [0x00000000a0000000, 0x00000000b9b80000, 0x00000000e0000000)
  object space 421376K, 60% used [0x00000000a0000000,0x00000000afa650b0,0x00000000b9b80000)
 Metaspace       used 110528K, capacity 117796K, committed 118360K, reserved 1150976K
  class space    used 14513K, capacity 16071K, committed 16256K, reserved 1048576K
Event: 1930.300 GC heap after
Heap after GC invocations=45 (full 6):
 PSYoungGen      total 267264K, used 48710K [0x00000000e0000000, 0x00000000ff300000, 0x0000000100000000)
  eden space 218112K, 0% used [0x00000000e0000000,0x00000000e0000000,0x00000000ed500000)
  from space 49152K, 99% used [0x00000000ed500000,0x00000000f0491a98,0x00000000f0500000)
  to   space 142848K, 0% used [0x00000000f6780000,0x00000000f6780000,0x00000000ff300000)
 ParOldGen       total 421376K, used 328789K [0x00000000a0000000, 0x00000000b9b80000, 0x00000000e0000000)
  object space 421376K, 78% used [0x00000000a0000000,0x00000000b4115738,0x00000000b9b80000)
 Metaspace       used 110528K, capacity 117796K, committed 118360K, reserved 1150976K
  class space    used 14513K, capacity 16071K, committed 16256K, reserved 1048576K
}
Event: 1931.447 GC heap before
{Heap before GC invocations=46 (full 7):
 PSYoungGen      total 267264K, used 265115K [0x00000000e0000000, 0x00000000ff300000, 0x0000000100000000)
  eden space 218112K, 99% used [0x00000000e0000000,0x00000000ed3551e0,0x00000000ed500000)
  from space 49152K, 99% used [0x00000000ed500000,0x00000000f0491a98,0x00000000f0500000)
  to   space 142848K, 0% used [0x00000000f6780000,0x00000000f6780000,0x00000000ff300000)
 ParOldGen       total 421376K, used 336981K [0x00000000a0000000, 0x00000000b9b80000, 0x00000000e0000000)
  object space 421376K, 79% used [0x00000000a0000000,0x00000000b4915748,0x00000000b9b80000)
 Metaspace       used 110543K, capacity 117802K, committed 118360K, reserved 1150976K
  class space    used 14514K, capacity 16072K, committed 16256K, reserved 1048576K
Event: 1931.816 GC heap after
Heap after GC invocations=46 (full 7):
 PSYoungGen      total 267264K, used 0K [0x00000000e0000000, 0x00000000ff300000, 0x0000000100000000)
  eden space 218112K, 0% used [0x00000000e0000000,0x00000000e0000000,0x00000000ed500000)
  from space 49152K, 0% used [0x00000000ed500000,0x00000000ed500000,0x00000000f0500000)
  to   space 142848K, 0% used [0x00000000f6780000,0x00000000f6780000,0x00000000ff300000)
 ParOldGen       total 407552K, used 173808K [0x00000000a0000000, 0x00000000b8e00000, 0x00000000e0000000)
  object space 407552K, 42% used [0x00000000a0000000,0x00000000aa9bc1b0,0x00000000b8e00000)
 Metaspace       used 110543K, capacity 117802K, committed 118360K, reserved 1150976K
  class space    used 14514K, capacity 16072K, committed 16256K, reserved 1048576K
}
Event: 5531.821 GC heap before
{Heap before GC invocations=47 (full 7):
 PSYoungGen      total 267264K, used 207293K [0x00000000e0000000, 0x00000000ff300000, 0x0000000100000000)
  eden space 218112K, 95% used [0x00000000e0000000,0x00000000eca6f610,0x00000000ed500000)
  from space 49152K, 0% used [0x00000000ed500000,0x00000000ed500000,0x00000000f0500000)
  to   space 142848K, 0% used [0x00000000f6780000,0x00000000f6780000,0x00000000ff300000)
 ParOldGen       total 407552K, used 173808K [0x00000000a0000000, 0x00000000b8e00000, 0x00000000e0000000)
  object space 407552K, 42% used [0x00000000a0000000,0x00000000aa9bc1b0,0x00000000b8e00000)
 Metaspace       used 110611K, capacity 117866K, committed 118360K, reserved 1150976K
  class space    used 14515K, capacity 16072K, committed 16256K, reserved 1048576K
Event: 5532.219 GC heap after
Heap after GC invocations=47 (full 7):
 PSYoungGen      total 369664K, used 5956K [0x00000000e0000000, 0x0000000100000000, 0x0000000100000000)
  eden space 226816K, 0% used [0x00000000e0000000,0x00000000e0000000,0x00000000edd80000)
  from space 142848K, 4% used [0x00000000f6780000,0x00000000f6d51240,0x00000000ff300000)
  to   space 141312K, 0% used [0x00000000edd80000,0x00000000edd80000,0x00000000f6780000)
 ParOldGen       total 407552K, used 173816K [0x00000000a0000000, 0x00000000b8e00000, 0x00000000e0000000)
  object space 407552K, 42% used [0x00000000a0000000,0x00000000aa9be1b0,0x00000000b8e00000)
 Metaspace       used 110611K, capacity 117866K, committed 118360K, reserved 1150976K
  class space    used 14515K, capacity 16072K, committed 16256K, reserved 1048576K
}
Event: 5532.219 GC heap before
{Heap before GC invocations=48 (full 8):
 PSYoungGen      total 369664K, used 5956K [0x00000000e0000000, 0x0000000100000000, 0x0000000100000000)
  eden space 226816K, 0% used [0x00000000e0000000,0x00000000e0000000,0x00000000edd80000)
  from space 142848K, 4% used [0x00000000f6780000,0x00000000f6d51240,0x00000000ff300000)
  to   space 141312K, 0% used [0x00000000edd80000,0x00000000edd80000,0x00000000f6780000)
 ParOldGen       total 407552K, used 173816K [0x00000000a0000000, 0x00000000b8e00000, 0x00000000e0000000)
  object space 407552K, 42% used [0x00000000a0000000,0x00000000aa9be1b0,0x00000000b8e00000)
 Metaspace       used 110611K, capacity 117866K, committed 118360K, reserved 1150976K
  class space    used 14515K, capacity 16072K, committed 16256K, reserved 1048576K
Event: 5533.264 GC heap after
Heap after GC invocations=48 (full 8):
 PSYoungGen      total 369664K, used 0K [0x00000000e0000000, 0x0000000100000000, 0x0000000100000000)
  eden space 226816K, 0% used [0x00000000e0000000,0x00000000e0000000,0x00000000edd80000)
  from space 142848K, 0% used [0x00000000f6780000,0x00000000f6780000,0x00000000ff300000)
  to   space 141312K, 0% used [0x00000000edd80000,0x00000000edd80000,0x00000000f6780000)
 ParOldGen       total 407552K, used 68035K [0x00000000a0000000, 0x00000000b8e00000, 0x00000000e0000000)
  object space 407552K, 16% used [0x00000000a0000000,0x00000000a4270f28,0x00000000b8e00000)
 Metaspace       used 109322K, capacity 115324K, committed 118360K, reserved 1150976K
  class space    used 14184K, capacity 15469K, committed 16256K, reserved 1048576K
}

Deoptimization events (10 events):
Event: 8128.099 Thread 0x0000000024724800 Uncommon trap: reason=array_check action=maybe_recompile pc=0x0000000003d8de90 method=java.util.ComparableTimSort.mergeHi(IIII)V @ 101
Event: 8128.112 Thread 0x0000000024724800 Uncommon trap: reason=unstable_if action=reinterpret pc=0x00000000038f1180 method=java.lang.ClassValue.match(Ljava/lang/ClassValue$Entry;)Z @ 12
Event: 8128.131 Thread 0x0000000024724800 Uncommon trap: reason=array_check action=maybe_recompile pc=0x0000000003d8de90 method=java.util.ComparableTimSort.mergeHi(IIII)V @ 101
Event: 8128.172 Thread 0x0000000024724800 Uncommon trap: reason=array_check action=maybe_recompile pc=0x0000000003d8de90 method=java.util.ComparableTimSort.mergeHi(IIII)V @ 101
Event: 8128.219 Thread 0x0000000024724800 Uncommon trap: reason=bimorphic action=maybe_recompile pc=0x0000000004512d50 method=groovy.lang.MetaClassImpl.establishStaticMetaProperty(Lgroovy/lang/MetaProperty;)Lgroovy/lang/MetaProperty; @ 49
Event: 8128.219 Thread 0x0000000024724800 Uncommon trap: reason=bimorphic action=maybe_recompile pc=0x0000000004512d50 method=groovy.lang.MetaClassImpl.establishStaticMetaProperty(Lgroovy/lang/MetaProperty;)Lgroovy/lang/MetaProperty; @ 49
Event: 8128.224 Thread 0x0000000024724800 Uncommon trap: reason=array_check action=maybe_recompile pc=0x0000000005f809a0 method=java.util.ComparableTimSort.reverseRange([Ljava/lang/Object;II)V @ 27
Event: 8128.224 Thread 0x0000000024724800 Uncommon trap: reason=array_check action=maybe_recompile pc=0x0000000003d8de90 method=java.util.ComparableTimSort.mergeHi(IIII)V @ 101
Event: 8128.233 Thread 0x0000000024724800 Uncommon trap: reason=array_check action=maybe_recompile pc=0x0000000005f809a0 method=java.util.ComparableTimSort.reverseRange([Ljava/lang/Object;II)V @ 27
Event: 8128.818 Thread 0x0000000024724800 Uncommon trap: reason=unstable_if action=reinterpret pc=0x000000000696c2e4 method=java.lang.ref.SoftReference.get()Ljava/lang/Object; @ 6

Classes redefined (0 events):
No events

Internal exceptions (10 events):
Event: 8127.759 Thread 0x0000000024724800 Implicit null exception at 0x00000000038159a0 to 0x0000000003815bdd
Event: 8127.822 Thread 0x0000000024724800 Implicit null exception at 0x000000000469e70b to 0x00000000046a3131
Event: 8127.823 Thread 0x0000000024724800 Implicit null exception at 0x0000000003b038a5 to 0x0000000003b03c01
Event: 8127.837 Thread 0x0000000024724800 Implicit null exception at 0x000000000516275d to 0x0000000005162acd
Event: 8127.844 Thread 0x0000000024724800 Implicit null exception at 0x0000000007267b13 to 0x000000000726a74d
Event: 8127.925 Thread 0x0000000024724800 Implicit null exception at 0x00000000043daa98 to 0x00000000043db3a5
Event: 8127.994 Thread 0x0000000024724800 Implicit null exception at 0x000000000714d4fc to 0x0000000007155699
Event: 8128.046 Thread 0x0000000024724800 Implicit null exception at 0x0000000003f43399 to 0x0000000003f43d1d
Event: 8128.051 Thread 0x0000000024724800 Implicit null exception at 0x0000000003ba23e3 to 0x0000000003ba2a55
Event: 8128.052 Thread 0x0000000024724800 Implicit null exception at 0x00000000033cb7d9 to 0x00000000033cc15d

Events (10 events):
Event: 8128.816 loading class groovy/runtime/metaclass/org/gradle/internal/metaobject/ConfigureDelegateMetaClass done
Event: 8128.818 Thread 0x0000000024724800 Uncommon trap: trap_request=0xffffff65 fr.pc=0x000000000696c2e4
Event: 8128.818 Thread 0x0000000024724800 DEOPT PACKING pc=0x000000000696c2e4 sp=0x000000001abda730
Event: 8128.818 Thread 0x0000000024724800 DEOPT UNPACKING pc=0x0000000002f9557b sp=0x000000001abda378 mode 2
Event: 8128.818 loading class groovy/runtime/metaclass/org/gradle/api/internal/initialization/DefaultScriptHandlerMetaClass
Event: 8128.818 loading class groovy/runtime/metaclass/org/gradle/api/internal/initialization/DefaultScriptHandlerMetaClass done
Event: 8128.821 Thread 0x00000000168c7000 flushing nmethod 0x00000000034c9bd0
Event: 8128.822 loading class groovy/runtime/metaclass/org/gradle/api/internal/project/DefaultProject_DecoratedMetaClass
Event: 8128.822 loading class groovy/runtime/metaclass/org/gradle/api/internal/project/DefaultProject_DecoratedMetaClass done
Event: 8128.892 Thread 0x0000000018165000 flushing nmethod 0x0000000003ea3fd0


Dynamic libraries:
0x00007ff6df760000 - 0x00007ff6df791000 	C:\Program Files\Android\Android Studio\jre\bin\java.exe
0x00007ff89aa40000 - 0x00007ff89ac30000 	C:\WINDOWS\SYSTEM32\ntdll.dll
0x00007ff899dd0000 - 0x00007ff899e82000 	C:\WINDOWS\System32\KERNEL32.DLL
0x00007ff897e70000 - 0x00007ff898114000 	C:\WINDOWS\System32\KERNELBASE.dll
0x00007ff8997d0000 - 0x00007ff899873000 	C:\WINDOWS\System32\ADVAPI32.dll
0x00007ff899320000 - 0x00007ff8993be000 	C:\WINDOWS\System32\msvcrt.dll
0x00007ff8993f0000 - 0x00007ff899487000 	C:\WINDOWS\System32\sechost.dll
0x00007ff899fd0000 - 0x00007ff89a0f0000 	C:\WINDOWS\System32\RPCRT4.dll
0x00007ff89a0f0000 - 0x00007ff89a285000 	C:\WINDOWS\System32\USER32.dll
0x00007ff898ac0000 - 0x00007ff898ae1000 	C:\WINDOWS\System32\win32u.dll
0x00007ff8993c0000 - 0x00007ff8993e6000 	C:\WINDOWS\System32\GDI32.dll
0x00007ff898140000 - 0x00007ff8982d6000 	C:\WINDOWS\System32\gdi32full.dll
0x00007ff897da0000 - 0x00007ff897e3e000 	C:\WINDOWS\System32\msvcp_win.dll
0x00007ff897bf0000 - 0x00007ff897cea000 	C:\WINDOWS\System32\ucrtbase.dll
0x00007ff887560000 - 0x00007ff8877e4000 	C:\WINDOWS\WinSxS\amd64_microsoft.windows.common-controls_6595b64144ccf1df_6.0.18362.1016_none_9e7a36bbe461dae4\COMCTL32.dll
0x00007ff898af0000 - 0x00007ff898e25000 	C:\WINDOWS\System32\combase.dll
0x00007ff897b70000 - 0x00007ff897bf0000 	C:\WINDOWS\System32\bcryptPrimitives.dll
0x00007ff899540000 - 0x00007ff89956e000 	C:\WINDOWS\System32\IMM32.DLL
0x000000005d2d0000 - 0x000000005d3a2000 	C:\Program Files\Android\Android Studio\jre\jre\bin\msvcr100.dll
0x000000005ca80000 - 0x000000005d2c6000 	C:\Program Files\Android\Android Studio\jre\jre\bin\server\jvm.dll
0x00007ff899600000 - 0x00007ff899608000 	C:\WINDOWS\System32\PSAPI.DLL
0x00007ff886850000 - 0x00007ff886859000 	C:\WINDOWS\SYSTEM32\WSOCK32.dll
0x00007ff899590000 - 0x00007ff8995ff000 	C:\WINDOWS\System32\WS2_32.dll
0x00007ff8950d0000 - 0x00007ff8950f4000 	C:\WINDOWS\SYSTEM32\WINMM.dll
0x00007ff890650000 - 0x00007ff89065a000 	C:\WINDOWS\SYSTEM32\VERSION.dll
0x00007ff8950a0000 - 0x00007ff8950cd000 	C:\WINDOWS\SYSTEM32\WINMMBASE.dll
0x00007ff8982e0000 - 0x00007ff89832a000 	C:\WINDOWS\System32\cfgmgr32.dll
0x00007ff894520000 - 0x00007ff89452f000 	C:\Program Files\Android\Android Studio\jre\jre\bin\verify.dll
0x00007ff8944a0000 - 0x00007ff8944c9000 	C:\Program Files\Android\Android Studio\jre\jre\bin\java.dll
0x00007ff892700000 - 0x00007ff892716000 	C:\Program Files\Android\Android Studio\jre\jre\bin\zip.dll
0x00007ff89a290000 - 0x00007ff89a977000 	C:\WINDOWS\System32\SHELL32.dll
0x00007ff899490000 - 0x00007ff899539000 	C:\WINDOWS\System32\shcore.dll
0x00007ff898330000 - 0x00007ff898ab2000 	C:\WINDOWS\System32\windows.storage.dll
0x00007ff897990000 - 0x00007ff8979b3000 	C:\WINDOWS\System32\profapi.dll
0x00007ff897920000 - 0x00007ff89796a000 	C:\WINDOWS\System32\powrprof.dll
0x00007ff8978f0000 - 0x00007ff897900000 	C:\WINDOWS\System32\UMPDC.dll
0x00007ff898f90000 - 0x00007ff898fe2000 	C:\WINDOWS\System32\shlwapi.dll
0x00007ff897900000 - 0x00007ff897911000 	C:\WINDOWS\System32\kernel.appcore.dll
0x00007ff898120000 - 0x00007ff898137000 	C:\WINDOWS\System32\cryptsp.dll
0x00007ff8926e0000 - 0x00007ff8926fa000 	C:\Program Files\Android\Android Studio\jre\jre\bin\net.dll
0x00007ff897150000 - 0x00007ff8971b7000 	C:\WINDOWS\system32\mswsock.dll
0x00007ff8815f0000 - 0x00007ff881601000 	C:\Program Files\Android\Android Studio\jre\jre\bin\nio.dll
0x00007ff8815c0000 - 0x00007ff8815e6000 	C:\Users\hmney\.gradle\native\30\windows-amd64\native-platform.dll
0x00007ff892140000 - 0x00007ff89214d000 	C:\Program Files\Android\Android Studio\jre\jre\bin\management.dll
0x00007ff896cc0000 - 0x00007ff896cf3000 	C:\WINDOWS\system32\rsaenh.dll
0x00007ff897e40000 - 0x00007ff897e66000 	C:\WINDOWS\System32\bcrypt.dll
0x00007ff897810000 - 0x00007ff897835000 	C:\WINDOWS\SYSTEM32\USERENV.dll
0x00007ff897320000 - 0x00007ff89732c000 	C:\WINDOWS\SYSTEM32\CRYPTBASE.dll
0x00007ff896e60000 - 0x00007ff896e9a000 	C:\WINDOWS\SYSTEM32\IPHLPAPI.DLL
0x00007ff89a980000 - 0x00007ff89a988000 	C:\WINDOWS\System32\NSI.dll
0x00007ff88de80000 - 0x00007ff88de96000 	C:\WINDOWS\SYSTEM32\dhcpcsvc6.DLL
0x00007ff88e7a0000 - 0x00007ff88e7bc000 	C:\WINDOWS\SYSTEM32\dhcpcsvc.DLL
0x00007ff896ea0000 - 0x00007ff896f6b000 	C:\WINDOWS\SYSTEM32\DNSAPI.dll
0x00007ff881590000 - 0x00007ff8815b4000 	C:\Program Files\Android\Android Studio\jre\jre\bin\sunec.dll
0x00007ff889540000 - 0x00007ff88954a000 	C:\Windows\System32\rasadhlp.dll
0x00007ff88a1d0000 - 0x00007ff88a247000 	C:\WINDOWS\System32\fwpuclnt.dll
0x00007ff892020000 - 0x00007ff89202b000 	C:\Program Files\Android\Android Studio\jre\jre\bin\sunmscapi.dll
0x00007ff8979c0000 - 0x00007ff897b09000 	C:\WINDOWS\System32\CRYPT32.dll
0x00007ff897970000 - 0x00007ff897982000 	C:\WINDOWS\System32\MSASN1.dll
0x00007ff881540000 - 0x00007ff88155e000 	C:\Users\hmney\AppData\Local\Temp\native-platform2500568686882284814dir\native-platform.dll

VM Arguments:
jvm_args: -Xmx1536M -Dfile.encoding=windows-1252 -Duser.country=FR -Duser.language=fr -Duser.variant 
java_command: org.gradle.launcher.daemon.bootstrap.GradleDaemon 5.6.2
java_class_path (initial): C:\Users\hmney\.gradle\wrapper\dists\gradle-5.6.2-all\9st6wgf78h16so49nn74lgtbb\gradle-5.6.2\lib\gradle-launcher-5.6.2.jar
Launcher Type: SUN_STANDARD

Environment Variables:
JAVA_HOME=C:\Program Files\Android\Android Studio\jre
CLASSPATH=G:\My works\blindmeal\blind-meal-flutter-app\android\\gradle\wrapper\gradle-wrapper.jar
PATH=C:\Program Files\Git\mingw64\bin;C:\Program Files\Git\usr\bin;C:\Users\hmney\bin;C:\Program Files (x86)\Common Files\Oracle\Java\javapath;C:\WINDOWS\system32;C:\WINDOWS;C:\WINDOWS\System32\Wbem;C:\WINDOWS\System32\WindowsPowerShell\v1.0;C:\WINDOWS\System32\OpenSSH;C:\Program Files\nodejs;C:\Program Files\Git\cmd;C:\Users\hmney\AppData\Local\Microsoft\WindowsApps;C:\Users\hmney\AppData\Local\Programs\Microsoft VS Code\bin;C:\flutter\bin;C:\Java\bin;C:\Users\hmney\AppData\Roaming\npm;C:\flutter\bin\mingit\cmd
USERNAME=hmney
OS=MINGW64_NT-10.0-18362
PROCESSOR_IDENTIFIER=Intel64 Family 6 Model 78 Stepping 3, GenuineIntel



---------------  S Y S T E M  ---------------

OS: Windows 10.0 , 64 bit Build 18362 (10.0.18362.959)

CPU:total 4 (initial active 4) (2 cores per cpu, 2 threads per core) family 6 model 78 stepping 3, cmov, cx8, fxsr, mmx, sse, sse2, sse3, ssse3, sse4.1, sse4.2, popcnt, avx, avx2, aes, clmul, erms, rtm, 3dnowpref, lzcnt, ht, tsc, tscinvbit, bmi1, bmi2, adx

Memory: 4k page, physical 8205464k(403920k free), swap 18020740k(3968k free)

vm_info: OpenJDK 64-Bit Server VM (25.202-b03) for windows-amd64 JRE (1.8.0_202-release-1483-b03), built by "builder" with MS VC++ 10.0 (VS2010)

time: Fri Aug 28 17:16:27 2020
timezone: Maroc (heure d’été)
elapsed time: 8128 seconds (0d 2h 15m 28s)

